<?xml version="1.0" encoding="UTF-8"?>
<!-- Generated by org.testng.reporters.JUnitXMLReporter -->
<testsuite hostname="CTSSGPDT-055" name="Test" tests="8" failures="0" timestamp="10 Apr 2019 04:26:01 GMT" time="116.431" errors="0">
  <testcase name="login" time="11.825" classname="GovTechSelenium.GovTechSelenium.BGPLogin"/>
  <testcase name="grant" time="7.496" classname="GovTechSelenium.GovTechSelenium.Form"/>
  <testcase name="eligibility" time="30.027" classname="GovTechSelenium.GovTechSelenium.Form"/>
  <testcase name="form" time="3.264" classname="GovTechSelenium.GovTechSelenium.Form"/>
  <testcase name="proposal" time="34.589" classname="GovTechSelenium.GovTechSelenium.Form"/>
  <testcase name="cost" time="23.079" classname="GovTechSelenium.GovTechSelenium.Form"/>
  <testcase name="businessImpact" time="4.461" classname="GovTechSelenium.GovTechSelenium.Form"/>
  <testcase name="review" time="1.663" classname="GovTechSelenium.GovTechSelenium.Form"/>
</testsuite> <!-- Test -->
